/Users/echo/workspace/contract/evolutionlandorg/evo-deploy/bin/addr/pangolin.json
0x735182c782CB8e7806F8903dE7913e6880CbF82E   2         
0x5a91fe74aB3788FF58187ACAf3fB0A039534428E   0         
0x0f14341A7f464320319025540E8Fe48Ad0fe5aec   419       
GOLD
1000000.000000000000000000
1000000.000000000000000000
1000000.000000000000000000
WOOD
1000000.000000000000000000
1000000.000000000000000000
1000000.000000000000000000
HHO
1000000.000000000000000000
1000000.000000000000000000
1000000.000000000000000000
FIRE
1000000.000000000000000000
1000000.000000000000000000
1000000.000000000000000000
SIOO
1000000.000000000000000000
1000000.000000000000000000
1000000.000000000000000000
xWRING
1000000.000000000000000000
1000000.000000000000000000
1000000.000000000000000000
PKTON
12.000000000000000000
0.000000000000000000
0.000000000000000000
0xAA7928c0228aC4cFEb51A1880a0166710148293E
0x2E49Ed0ACf6F8a299789F09475685ca35Af5752E
0x0f14341A7f464320319025540E8Fe48Ad0fe5aec
5
1644288750
Count 2
Index Class      Level TokenId
0     ⛰  Land    115   0x2a03000103000101000000000000000300000000000000000000000000000001
1     👨 Apostle 1.20  0x2a03000103000102000000000000000300000000000000000000000000000001
1
########## Mask ##############
is_reserved 0          
is_special  0          
has_box     0          
######## Locatoin ############
x -22                                                  
y 23                                                   
########## Rate ##############
Resource Start     Current        
gold     95        91.8650        
wood     258       249.4860       
water    133       128.6110       
fire     3844      3717.1480      
soil     1         .9670          
------------------------------
LEVEL    115                      
########## Miner #############
lastUpdateSpeedInSeconds  0                                                    
lastDestoryAttenInSeconds 0                                                    
industryIndex             0                                                    
lastUpdateTime            0                                                    
totalMiners               0                                                    
maxMiners                 0                                                    
------------------------------
Resource Index Miner Strength                                                                                                         
------------------------------
Resource TotalStrength Unclaim                                                          
0xed0A42dF138a94581C388D2E69775D21cF75dF6C 0.000000000000000000   0.000000000000000000  
0x033C27472f6fA0a789Ce04efA04e3B367757f138 0.000000000000000000   0.000000000000000000  
0x9aC276FBcb568Eb9f4679B238efd1b6eA1898435 0.000000000000000000   0.000000000000000000  
0x912860cfD0FA33cF78F35ebf3671bE0b960cf575 0.000000000000000000   0.000000000000000000  
0xb2ea733eFC0F2decf774d59373fAc650421B7E04 0.000000000000000000   0.000000000000000000  
########## Item ##############
Index Staker                                     ItemId                                                             ProtectPeriod  Unclaim             
0     0x0000000000000000000000000000000000000000 0x0000000000000000000000000000000000000000000000000000000000000000 0 0.000000000000000000                                    
1     0x0000000000000000000000000000000000000000 0x0000000000000000000000000000000000000000000000000000000000000000 0 0.000000000000000000                                    
2     0x0000000000000000000000000000000000000000 0x0000000000000000000000000000000000000000000000000000000000000000 0 0.000000000000000000                                    
3     0x0000000000000000000000000000000000000000 0x0000000000000000000000000000000000000000000000000000000000000000 0 0.000000000000000000                                    
4     0x0000000000000000000000000000000000000000 0x0000000000000000000000000000000000000000000000000000000000000000 0 0.000000000000000000                                    
######## Stength #############
Resource    Land                   Item                   Total                 
Gold        0.000000000000000000   0.000000000000000000   0                     
Fire        0.000000000000000000   0.000000000000000000   0                     
Soil        0.000000000000000000   0.000000000000000000   0                     
Water       0.000000000000000000   0.000000000000000000   0                     
Wood        0.000000000000000000   0.000000000000000000   0                     
1
####### Talent ##########
LIFE  50(0)   MOOD  8(0) 
STR   28(0)   AGI   18(0)
DEX   40(0)   HP    55(0)
INT   14(0)   LUK   52(0)
POT   60(0)   CHA   0(0) 
######### Prefer ###########
GOLD  WOOD  HOO   FIRE  SIOO 
Lv.1  Lv.0  Lv.0  Lv.0  Lv.0 
basic 1.200000000000000000              
genes                                        511454053041611982708864420168291763551500459624059621882020887047539874
talents                                      5832929390214414995996
matronId                                     0         
sireId                                       0         
siringWithId                                 0         
cooldownIndex                                0         
generation                                   0         
birthTime                                    1672802226
activeTime                                   0         
deadTime                                     0         
cooldownEndTime                              0         
class                                        0         
0x
0
0
0.000000000000000000
0.000000000000000000
0.000000000000000000
